Arguments: 
  /usr/local/Cellar/node/17.6.0/bin/node /usr/local/Cellar/yarn/1.22.18/libexec/bin/yarn.js init

PATH: 
  /usr/local/bin:/usr/bin:/bin:/usr/sbin:/sbin

Yarn version: 
  1.22.18

Node version: 
  17.6.0

Platform: 
  darwin x64

Trace: 
  Error: canceled
      at Interface.<anonymous> (/usr/local/Cellar/yarn/1.22.18/libexec/lib/cli.js:137143:13)
      at Interface.emit (node:events:527:28)
      at Interface.[_ttyWrite] [as _ttyWrite] (node:internal/readline/interface:1117:18)
      at ReadStream.onkeypress (node:internal/readline/interface:269:20)
      at ReadStream.emit (node:events:527:28)
      at emitKeys (node:internal/readline/utils:358:14)
      at emitKeys.next (<anonymous>)
      at ReadStream.onData (node:internal/readline/emitKeypressEvents:64:36)
      at ReadStream.emit (node:events:527:28)
      at addChunk (node:internal/streams/readable:324:12)

npm manifest: 
  No manifest

yarn manifest: 
  No manifest

Lockfile: 
  No lockfile
